Removed Pin From Net: NetName=VOCM Pin=R7-1
Removed Pin From Net: NetName=VCC Pin=R7-2
Removed Pin From Net: NetName=VOCM1 Pin=R71-1
Removed Pin From Net: NetName=VCC Pin=R71-2
Removed Pin From Net: NetName=VOCM2 Pin=R72-1
Removed Pin From Net: NetName=VCC Pin=R72-2
Added Component: Designator=R7(FP-RT0805-MFG)
Add component (AddParameter): Name = "Automotive"; Value = "No"; VariantName = "[No Variations]"
Add component (AddParameter): Name = "Category"; Value = "Res"; VariantName = "[No Variations]"
Add component (AddParameter): Name = "ComponentLink2Description"; Value = "Datasheet"; VariantName = "[No Variations]"
Add component (AddParameter): Name = "ComponentLink2URL"; Value = "http://www.yageo.com/documents/recent/PYu-RT_1-to-0.01_RoHS_L_9.pdf"; VariantName = "[No Variations]"
Add component (AddParameter): Name = "Composition"; Value = "Thin Film"; VariantName = "[No Variations]"
Add component (AddParameter): Name = "Device Class L1"; Value = "Passive Components"; VariantName = "[No Variations]"
Add component (AddParameter): Name = "Device Class L2"; Value = "Resistors"; VariantName = "[No Variations]"
Add component (AddParameter): Name = "Device Class L3"; Value = "Chip SMD Resistors"; VariantName = "[No Variations]"
Add component (AddParameter): Name = "Digikey Description"; Value = "RES 10.0K OHM 1/8W .5% SMD 0805"; VariantName = "[No Variations]"
Add component (AddParameter): Name = "Footprint Url"; Value = "http://www.yageo.com/exep/pages/download/literatures/PYu-R_Mount_10.pdf"; VariantName = "[No Variations]"
Add component (AddParameter): Name = "Height"; Value = "0.6mm"; VariantName = "[No Variations]"
Add component (AddParameter): Name = "Ipc Land Pattern Name"; Value = "RESC200125X50"; VariantName = "[No Variations]"
Add component (AddParameter): Name = "Lead Free"; Value = "Yes"; VariantName = "[No Variations]"
Add component (AddParameter): Name = "Manufacturer"; Value = "Yageo"; VariantName = "[No Variations]"
Add component (AddParameter): Name = "Manufacturer Part Number"; Value = "RT0805DRE0710KL"; VariantName = "[No Variations]"
Add component (AddParameter): Name = "Mouser Description"; Value = "Res Thin Film 0805 10K Ohm 0.5% 1/8W ±50ppm/°C Molded SMD Paper T/R"; VariantName = "[No Variations]"
Add component (AddParameter): Name = "Octopart"; Value = "https://octopart.com/rt0805dre0710kl-yageo-1180739"; VariantName = "[No Variations]"
Add component (AddParameter): Name = "Package"; Value = "RT0805"; VariantName = "[No Variations]"
Add component (AddParameter): Name = "Power Rating"; Value = "0.125W"; VariantName = "[No Variations]"
Add component (AddParameter): Name = "Resistance"; Value = "10KO"; VariantName = "[No Variations]"
Add component (AddParameter): Name = "RoHS"; Value = "TRUE"; VariantName = "[No Variations]"
Add component (AddParameter): Name = "Series"; Value = "RT"; VariantName = "[No Variations]"
Add component (AddParameter): Name = "Temperature"; Value = "-55°C to +155°C"; VariantName = "[No Variations]"
Add component (AddParameter): Name = "Temperature Coefficient"; Value = "50 ppm/°C"; VariantName = "[No Variations]"
Add component (AddParameter): Name = "Temperature Range High"; Value = "+155°C"; VariantName = "[No Variations]"
Add component (AddParameter): Name = "Temperature Range Low"; Value = "-55°C"; VariantName = "[No Variations]"
Add component (AddParameter): Name = "Tolerance"; Value = "0.01"; VariantName = "[No Variations]"
Add component (AddParameter): Name = "Value"; Value = "10KO"; VariantName = "[No Variations]"
Add component (AddParameter): Name = "Voltage Rating"; Value = "150V"; VariantName = "[No Variations]"
Added Component: Designator=R71(FP-RT0805-MFG)
Add component (AddParameter): Name = "Automotive"; Value = "No"; VariantName = "[No Variations]"
Add component (AddParameter): Name = "Category"; Value = "Res"; VariantName = "[No Variations]"
Add component (AddParameter): Name = "ComponentLink2Description"; Value = "Datasheet"; VariantName = "[No Variations]"
Add component (AddParameter): Name = "ComponentLink2URL"; Value = "http://www.yageo.com/documents/recent/PYu-RT_1-to-0.01_RoHS_L_9.pdf"; VariantName = "[No Variations]"
Add component (AddParameter): Name = "Composition"; Value = "Thin Film"; VariantName = "[No Variations]"
Add component (AddParameter): Name = "Device Class L1"; Value = "Passive Components"; VariantName = "[No Variations]"
Add component (AddParameter): Name = "Device Class L2"; Value = "Resistors"; VariantName = "[No Variations]"
Add component (AddParameter): Name = "Device Class L3"; Value = "Chip SMD Resistors"; VariantName = "[No Variations]"
Add component (AddParameter): Name = "Digikey Description"; Value = "RES 10.0K OHM 1/8W .5% SMD 0805"; VariantName = "[No Variations]"
Add component (AddParameter): Name = "Footprint Url"; Value = "http://www.yageo.com/exep/pages/download/literatures/PYu-R_Mount_10.pdf"; VariantName = "[No Variations]"
Add component (AddParameter): Name = "Height"; Value = "0.6mm"; VariantName = "[No Variations]"
Add component (AddParameter): Name = "Ipc Land Pattern Name"; Value = "RESC200125X50"; VariantName = "[No Variations]"
Add component (AddParameter): Name = "Lead Free"; Value = "Yes"; VariantName = "[No Variations]"
Add component (AddParameter): Name = "Manufacturer"; Value = "Yageo"; VariantName = "[No Variations]"
Add component (AddParameter): Name = "Manufacturer Part Number"; Value = "RT0805DRE0710KL"; VariantName = "[No Variations]"
Add component (AddParameter): Name = "Mouser Description"; Value = "Res Thin Film 0805 10K Ohm 0.5% 1/8W ±50ppm/°C Molded SMD Paper T/R"; VariantName = "[No Variations]"
Add component (AddParameter): Name = "Octopart"; Value = "https://octopart.com/rt0805dre0710kl-yageo-1180739"; VariantName = "[No Variations]"
Add component (AddParameter): Name = "Package"; Value = "RT0805"; VariantName = "[No Variations]"
Add component (AddParameter): Name = "Power Rating"; Value = "0.125W"; VariantName = "[No Variations]"
Add component (AddParameter): Name = "Resistance"; Value = "10KO"; VariantName = "[No Variations]"
Add component (AddParameter): Name = "RoHS"; Value = "TRUE"; VariantName = "[No Variations]"
Add component (AddParameter): Name = "Series"; Value = "RT"; VariantName = "[No Variations]"
Add component (AddParameter): Name = "Temperature"; Value = "-55°C to +155°C"; VariantName = "[No Variations]"
Add component (AddParameter): Name = "Temperature Coefficient"; Value = "50 ppm/°C"; VariantName = "[No Variations]"
Add component (AddParameter): Name = "Temperature Range High"; Value = "+155°C"; VariantName = "[No Variations]"
Add component (AddParameter): Name = "Temperature Range Low"; Value = "-55°C"; VariantName = "[No Variations]"
Add component (AddParameter): Name = "Tolerance"; Value = "0.01"; VariantName = "[No Variations]"
Add component (AddParameter): Name = "Value"; Value = "10KO"; VariantName = "[No Variations]"
Add component (AddParameter): Name = "Voltage Rating"; Value = "150V"; VariantName = "[No Variations]"
Added Component: Designator=R72(FP-RT0805-MFG)
Add component (AddParameter): Name = "Automotive"; Value = "No"; VariantName = "[No Variations]"
Add component (AddParameter): Name = "Category"; Value = "Res"; VariantName = "[No Variations]"
Add component (AddParameter): Name = "ComponentLink2Description"; Value = "Datasheet"; VariantName = "[No Variations]"
Add component (AddParameter): Name = "ComponentLink2URL"; Value = "http://www.yageo.com/documents/recent/PYu-RT_1-to-0.01_RoHS_L_9.pdf"; VariantName = "[No Variations]"
Add component (AddParameter): Name = "Composition"; Value = "Thin Film"; VariantName = "[No Variations]"
Add component (AddParameter): Name = "Device Class L1"; Value = "Passive Components"; VariantName = "[No Variations]"
Add component (AddParameter): Name = "Device Class L2"; Value = "Resistors"; VariantName = "[No Variations]"
Add component (AddParameter): Name = "Device Class L3"; Value = "Chip SMD Resistors"; VariantName = "[No Variations]"
Add component (AddParameter): Name = "Digikey Description"; Value = "RES 10.0K OHM 1/8W .5% SMD 0805"; VariantName = "[No Variations]"
Add component (AddParameter): Name = "Footprint Url"; Value = "http://www.yageo.com/exep/pages/download/literatures/PYu-R_Mount_10.pdf"; VariantName = "[No Variations]"
Add component (AddParameter): Name = "Height"; Value = "0.6mm"; VariantName = "[No Variations]"
Add component (AddParameter): Name = "Ipc Land Pattern Name"; Value = "RESC200125X50"; VariantName = "[No Variations]"
Add component (AddParameter): Name = "Lead Free"; Value = "Yes"; VariantName = "[No Variations]"
Add component (AddParameter): Name = "Manufacturer"; Value = "Yageo"; VariantName = "[No Variations]"
Add component (AddParameter): Name = "Manufacturer Part Number"; Value = "RT0805DRE0710KL"; VariantName = "[No Variations]"
Add component (AddParameter): Name = "Mouser Description"; Value = "Res Thin Film 0805 10K Ohm 0.5% 1/8W ±50ppm/°C Molded SMD Paper T/R"; VariantName = "[No Variations]"
Add component (AddParameter): Name = "Octopart"; Value = "https://octopart.com/rt0805dre0710kl-yageo-1180739"; VariantName = "[No Variations]"
Add component (AddParameter): Name = "Package"; Value = "RT0805"; VariantName = "[No Variations]"
Add component (AddParameter): Name = "Power Rating"; Value = "0.125W"; VariantName = "[No Variations]"
Add component (AddParameter): Name = "Resistance"; Value = "10KO"; VariantName = "[No Variations]"
Add component (AddParameter): Name = "RoHS"; Value = "TRUE"; VariantName = "[No Variations]"
Add component (AddParameter): Name = "Series"; Value = "RT"; VariantName = "[No Variations]"
Add component (AddParameter): Name = "Temperature"; Value = "-55°C to +155°C"; VariantName = "[No Variations]"
Add component (AddParameter): Name = "Temperature Coefficient"; Value = "50 ppm/°C"; VariantName = "[No Variations]"
Add component (AddParameter): Name = "Temperature Range High"; Value = "+155°C"; VariantName = "[No Variations]"
Add component (AddParameter): Name = "Temperature Range Low"; Value = "-55°C"; VariantName = "[No Variations]"
Add component (AddParameter): Name = "Tolerance"; Value = "0.01"; VariantName = "[No Variations]"
Add component (AddParameter): Name = "Value"; Value = "10KO"; VariantName = "[No Variations]"
Add component (AddParameter): Name = "Voltage Rating"; Value = "150V"; VariantName = "[No Variations]"
Added Pin To Net: NetName=VOCM Pin=R7-1
Added Pin To Net: NetName=VCC Pin=R7-2
Added Pin To Net: NetName=VOCM1 Pin=R71-1
Added Pin To Net: NetName=VCC Pin=R71-2
Added Pin To Net: NetName=VOCM2 Pin=R72-1
Added Pin To Net: NetName=VCC Pin=R72-2
Added Member To Class: ClassName=Sensor Member=Component C1 0805YC105KAT2A
Added Member To Class: ClassName=Sensor Member=Component C2 06035A100JAT2A
Added Member To Class: ClassName=Sensor Member=Component C3 CL21B104KACNNNC
Added Member To Class: ClassName=Sensor Member=Component C4 CL21A106KPFNNNG
Added Member To Class: ClassName=Sensor Member=Component C5 CL21B104KACNNNC
Added Member To Class: ClassName=Sensor Member=Component C6 CL21B104KACNNNC
Added Member To Class: ClassName=Sensor Member=Component C7 06035A100JAT2A
Added Member To Class: ClassName=Sensor Member=Component C8 06035A100JAT2A
Added Member To Class: ClassName=Sensor Member=Component C11 0805YC105KAT2A
Added Member To Class: ClassName=Sensor Member=Component C12 0805YC105KAT2A
Added Member To Class: ClassName=Sensor Member=Component C21 06035A100JAT2A
Added Member To Class: ClassName=Sensor Member=Component C22 06035A100JAT2A
Added Member To Class: ClassName=Sensor Member=Component C31 CL21B104KACNNNC
Added Member To Class: ClassName=Sensor Member=Component C32 CL21B104KACNNNC
Added Member To Class: ClassName=Sensor Member=Component C41 CL21A106KPFNNNG
Added Member To Class: ClassName=Sensor Member=Component C42 CL21A106KPFNNNG
Added Member To Class: ClassName=Sensor Member=Component C51 CL21B104KACNNNC
Added Member To Class: ClassName=Sensor Member=Component C52 CL21B104KACNNNC
Added Member To Class: ClassName=Sensor Member=Component C61 CL21B104KACNNNC
Added Member To Class: ClassName=Sensor Member=Component C62 CL21B104KACNNNC
Added Member To Class: ClassName=Sensor Member=Component C71 06035A100JAT2A
Added Member To Class: ClassName=Sensor Member=Component C72 06035A100JAT2A
Added Member To Class: ClassName=Sensor Member=Component C81 06035A100JAT2A
Added Member To Class: ClassName=Sensor Member=Component C82 06035A100JAT2A
Added Member To Class: ClassName=Sensor Member=Component J1 691213510002
Added Member To Class: ClassName=Sensor Member=Component J2 5V Input
Added Member To Class: ClassName=Sensor Member=Component J4 5001
Added Member To Class: ClassName=Sensor Member=Component J5 5001
Added Member To Class: ClassName=Sensor Member=Component J11 691213510002
Added Member To Class: ClassName=Sensor Member=Component J12 691213510002
Added Member To Class: ClassName=Sensor Member=Component J31 Ground Test Point
Added Member To Class: ClassName=Sensor Member=Component J32 5V Test Point
Added Member To Class: ClassName=Sensor Member=Component J41 5001
Added Member To Class: ClassName=Sensor Member=Component J42 5001
Added Member To Class: ClassName=Sensor Member=Component J51 5001
Added Member To Class: ClassName=Sensor Member=Component J52 5001
Added Member To Class: ClassName=Sensor Member=Component R1 RNCP0805FTD1K00
Added Member To Class: ClassName=Sensor Member=Component R2 RK73H2ATTD1331F
Added Member To Class: ClassName=Sensor Member=Component R3 RMCF0805ZT0R00
Added Member To Class: ClassName=Sensor Member=Component R4 RK73H2ATTD1331F
Added Member To Class: ClassName=Sensor Member=Component R5 RMCF0805ZT0R00
Added Member To Class: ClassName=Sensor Member=Component R6 RMCF0805ZT0R00
Added Member To Class: ClassName=Sensor Member=Component R7 RT0805DRE0710KL
Added Member To Class: ClassName=Sensor Member=Component R8 RMCF0805ZT0R00
Added Member To Class: ClassName=Sensor Member=Component R9 3296W-1-103LF
Added Member To Class: ClassName=Sensor Member=Component R10 RNCP0805FTD1K00
Added Member To Class: ClassName=Sensor Member=Component R11 RNCP0805FTD1K00
Added Member To Class: ClassName=Sensor Member=Component R12 RNCP0805FTD1K00
Added Member To Class: ClassName=Sensor Member=Component R21 RK73H2ATTD1331F
Added Member To Class: ClassName=Sensor Member=Component R22 RK73H2ATTD1331F
Added Member To Class: ClassName=Sensor Member=Component R31 RMCF0805ZT0R00
Added Member To Class: ClassName=Sensor Member=Component R32 RMCF0805ZT0R00
Added Member To Class: ClassName=Sensor Member=Component R41 RK73H2ATTD1331F
Added Member To Class: ClassName=Sensor Member=Component R42 RK73H2ATTD1331F
Added Member To Class: ClassName=Sensor Member=Component R51 RMCF0805ZT0R00
Added Member To Class: ClassName=Sensor Member=Component R52 RMCF0805ZT0R00
Added Member To Class: ClassName=Sensor Member=Component R61 RMCF0805ZT0R00
Added Member To Class: ClassName=Sensor Member=Component R62 RMCF0805ZT0R00
Added Member To Class: ClassName=Sensor Member=Component R71 RT0805DRE0710KL
Added Member To Class: ClassName=Sensor Member=Component R72 RT0805DRE0710KL
Added Member To Class: ClassName=Sensor Member=Component R81 RMCF0805ZT0R00
Added Member To Class: ClassName=Sensor Member=Component R82 RMCF0805ZT0R00
Added Member To Class: ClassName=Sensor Member=Component R91 3296W-1-103LF
Added Member To Class: ClassName=Sensor Member=Component R92 3296W-1-103LF
Added Member To Class: ClassName=Sensor Member=Component R101 RNCP0805FTD1K00
Added Member To Class: ClassName=Sensor Member=Component R102 RNCP0805FTD1K00
Added Member To Class: ClassName=Sensor Member=Component U1 STB-LA/Z
Added Member To Class: ClassName=Sensor Member=Component U2 MCP6D11-E/MS
Added Member To Class: ClassName=Sensor Member=Component U11 STB-LA/Z
Added Member To Class: ClassName=Sensor Member=Component U12 STB-LA/Z
Added Member To Class: ClassName=Sensor Member=Component U21 MCP6D11-E/MS
Added Member To Class: ClassName=Sensor Member=Component U22 MCP6D11-E/MS
Added Room: Name=Sensor
